<?xml version="1.0" encoding="UTF-8"?>
<!-- Generated by org.testng.reporters.JUnitReportReporter -->
<testsuite name="RestTests.RestClientTest" tests="2" time="1.468" ignored="0" failures="0" timestamp="21 Jun 2018 17:12:24 GMT" skipped="0" hostname="Lokesh" errors="0">
  <testcase name="getApisWithoutHeader" time="1.159" classname="RestTests.RestClientTest"/>
  <testcase name="getApisWithHeaders" time="0.309" classname="RestTests.RestClientTest"/>
</testsuite> <!-- RestTests.RestClientTest -->
