<?xml version="1.0" encoding="UTF-8"?>
<!-- Generated by org.testng.reporters.JUnitReportReporter -->
<testsuite name="RestTests.RestClientPostTest" tests="1" time="1.168" ignored="0" failures="0" timestamp="22 Jun 2018 02:44:02 GMT" skipped="0" hostname="Lokesh" errors="0">
  <testcase name="postUrl" time="1.168" classname="RestTests.RestClientPostTest"/>
</testsuite> <!-- RestTests.RestClientPostTest -->
